<?xml version="1.0" encoding="UTF-8"?>
<!-- Generated by org.testng.reporters.JUnitReportReporter -->
<testsuite hostname="DESKTOP-C11UUVF" failures="0" tests="4" name="testcase.login.Login03_Login_With_Incomplete_Data" time="4.450" errors="0" timestamp="2026-03-23T17:06:20 ICT" skipped="0">
  <testcase classname="testcase.login.Login03_Login_With_Incomplete_Data" name="Login_Invalid_Cases" time="0.327"/>
  <testcase classname="testcase.login.Login03_Login_With_Incomplete_Data" name="Login_Invalid_Cases" time="0.973"/>
  <testcase classname="testcase.login.Login03_Login_With_Incomplete_Data" name="Login_Invalid_Cases" time="1.619"/>
  <testcase classname="testcase.login.Login03_Login_With_Incomplete_Data" name="Login_Invalid_Cases" time="1.531"/>
</testsuite> <!-- testcase.login.Login03_Login_With_Incomplete_Data -->
