<?xml version="1.0" encoding="UTF-8"?>
<!-- Generated by org.testng.reporters.JUnitReportReporter -->
<testsuite hostname="DESKTOP-C11UUVF" failures="0" tests="4" name="testcase.login.Login3_Login_With_Incomplete_Data" time="4.251" errors="0" timestamp="2026-03-23T17:12:19 ICT" skipped="0">
  <testcase classname="testcase.login.Login3_Login_With_Incomplete_Data" name="Login_Invalid_Cases" time="0.341"/>
  <testcase classname="testcase.login.Login3_Login_With_Incomplete_Data" name="Login_Invalid_Cases" time="0.988"/>
  <testcase classname="testcase.login.Login3_Login_With_Incomplete_Data" name="Login_Invalid_Cases" time="1.444"/>
  <testcase classname="testcase.login.Login3_Login_With_Incomplete_Data" name="Login_Invalid_Cases" time="1.478"/>
</testsuite> <!-- testcase.login.Login3_Login_With_Incomplete_Data -->
