<?xml version="1.0" encoding="UTF-8"?>
<!-- Generated by org.testng.reporters.JUnitReportReporter -->
<testsuite hostname="DESKTOP-C11UUVF" failures="0" tests="1" name="testcase.login.Login03_Login_WithIncompleteInformation" time="2.228" errors="0" timestamp="2026-03-23T15:37:00 ICT" skipped="0">
  <testcase classname="testcase.login.Login03_Login_WithIncompleteInformation" name="Login004_Login_Failed_InvalidUsername" time="2.228"/>
</testsuite> <!-- testcase.login.Login03_Login_WithIncompleteInformation -->
