<?xml version="1.0" encoding="UTF-8"?>
<!-- Generated by org.testng.reporters.JUnitReportReporter -->
<testsuite hostname="DESKTOP-C11UUVF" failures="0" tests="3" name="testcase.profile.Profile03_Change_Password_InvalidCases" time="102.703" errors="0" timestamp="2026-03-23T15:58:57 ICT" skipped="0">
  <testcase classname="testcase.profile.Profile03_Change_Password_InvalidCases" name="changePassword_InvalidCases" time="34.143"/>
  <testcase classname="testcase.profile.Profile03_Change_Password_InvalidCases" name="changePassword_InvalidCases" time="35.578"/>
  <testcase classname="testcase.profile.Profile03_Change_Password_InvalidCases" name="changePassword_InvalidCases" time="32.982"/>
</testsuite> <!-- testcase.profile.Profile03_Change_Password_InvalidCases -->
