<?xml version="1.0" encoding="UTF-8"?>
<!-- Generated by org.testng.reporters.JUnitReportReporter -->
<testsuite hostname="DESKTOP-C11UUVF" failures="0" tests="1" name="testcase.forgotpassword.ForgotPassword01_Send_Reset_Link_Successfully" time="4.028" errors="0" timestamp="2026-03-23T15:05:38 ICT" skipped="0">
  <testcase classname="testcase.forgotpassword.ForgotPassword01_Send_Reset_Link_Successfully" name="ForgotPassword01_Send_Reset_Link_Successfully" time="4.028"/>
</testsuite> <!-- testcase.forgotpassword.ForgotPassword01_Send_Reset_Link_Successfully -->
