<?xml version="1.0" encoding="UTF-8"?>
<!-- Generated by org.testng.reporters.JUnitReportReporter -->
<testsuite hostname="DESKTOP-C11UUVF" failures="0" tests="4" name="testcase.register.Register02_Register_With_Empty_Fields" time="4.135" errors="0" timestamp="2026-03-23T18:38:41 ICT" skipped="0">
  <testcase classname="testcase.register.Register02_Register_With_Empty_Fields" name="Register_Empty_Fields" time="0.784"/>
  <testcase classname="testcase.register.Register02_Register_With_Empty_Fields" name="Register_Empty_Fields" time="0.863"/>
  <testcase classname="testcase.register.Register02_Register_With_Empty_Fields" name="Register_Empty_Fields" time="1.753"/>
  <testcase classname="testcase.register.Register02_Register_With_Empty_Fields" name="Register_Empty_Fields" time="0.735"/>
</testsuite> <!-- testcase.register.Register02_Register_With_Empty_Fields -->
