<?xml version="1.0" encoding="UTF-8"?>
<!-- Generated by org.testng.reporters.JUnitReportReporter -->
<testsuite hostname="DESKTOP-C11UUVF" failures="0" tests="1" name="testcase.booking.Booking01_Verify_Unauthorized_Access" time="4.728" errors="0" timestamp="2026-03-21T17:09:57 ICT" skipped="0">
  <testcase classname="testcase.booking.Booking01_Verify_Unauthorized_Access" name="Booking01_verify_RedirectToLogin_When_Unauthorized" time="4.728"/>
</testsuite> <!-- testcase.booking.Booking01_Verify_Unauthorized_Access -->
