<?xml version="1.0" encoding="UTF-8"?>
<!-- Generated by org.testng.reporters.JUnitReportReporter -->
<testsuite hostname="DESKTOP-C11UUVF" failures="0" tests="1" name="testcase.booking.Booking04_Verify_Booking_Button_Disable_EmptyFields" time="4.748" errors="0" timestamp="2026-03-23T15:04:56 ICT" skipped="0">
  <testcase classname="testcase.booking.Booking04_Verify_Booking_Button_Disable_EmptyFields" name="Booking04_Booking_Button_Disable_Empty_Fileds" time="4.748"/>
</testsuite> <!-- testcase.booking.Booking04_Verify_Booking_Button_Disable_EmptyFields -->
