<?xml version="1.0" encoding="UTF-8"?>
<!-- Generated by org.testng.reporters.JUnitReportReporter -->
<testsuite hostname="DESKTOP-C11UUVF" failures="0" tests="4" name="testcase.login.Login03_Login_With_Incomplete_Data" time="4.071" errors="0" timestamp="2026-03-23T18:30:25 ICT" skipped="0">
  <testcase classname="testcase.login.Login03_Login_With_Incomplete_Data" name="Login03_Login_Invalid_Cases" time="1.317"/>
  <testcase classname="testcase.login.Login03_Login_With_Incomplete_Data" name="Login03_Login_Invalid_Cases" time="0.910"/>
  <testcase classname="testcase.login.Login03_Login_With_Incomplete_Data" name="Login03_Login_Invalid_Cases" time="0.326"/>
  <testcase classname="testcase.login.Login03_Login_With_Incomplete_Data" name="Login03_Login_Invalid_Cases" time="1.518"/>
</testsuite> <!-- testcase.login.Login03_Login_With_Incomplete_Data -->
