<?xml version="1.0" encoding="UTF-8"?>
<!-- Generated by org.testng.reporters.JUnitReportReporter -->
<testsuite hostname="DESKTOP-C11UUVF" failures="0" tests="1" name="testcase.forgotpassword.ForgotPassword01_Send_Reset_Link_Successfully" time="4.015" errors="0" timestamp="2026-04-23T16:18:49 ICT" skipped="0">
  <testcase classname="testcase.forgotpassword.ForgotPassword01_Send_Reset_Link_Successfully" name="ForgotPassword01_Send_Reset_Link_Successfully" time="4.015"/>
</testsuite> <!-- testcase.forgotpassword.ForgotPassword01_Send_Reset_Link_Successfully -->
