<?xml version="1.0" encoding="UTF-8"?>
<!-- Generated by org.testng.reporters.JUnitReportReporter -->
<testsuite hostname="DESKTOP-C11UUVF" failures="0" tests="1" name="testcase.booking.Booking01_Verify_Unauthorized_Access" time="5.408" errors="0" timestamp="2026-04-24T11:59:21 ICT" skipped="0">
  <testcase classname="testcase.booking.Booking01_Verify_Unauthorized_Access" name="Booking01_verify_RedirectToLogin_When_Unauthorized" time="5.408"/>
</testsuite> <!-- testcase.booking.Booking01_Verify_Unauthorized_Access -->
