<?xml version="1.0" encoding="UTF-8"?>
<testng-results ignored="0" total="1" passed="1" failed="0" skipped="0">
  <reporter-output>
  </reporter-output>
  <suite started-at="2026-03-21T20:23:24 ICT" name="Gradle suite" finished-at="2026-03-21T20:23:31 ICT" duration-ms="6304">
    <groups>
    </groups>
    <test started-at="2026-03-21T20:23:24 ICT" name="Gradle test" finished-at="2026-03-21T20:23:31 ICT" duration-ms="6304">
      <class name="testcase.booking.Booking04_Verify_Booking_Button_Disable_EmptyFields">
        <test-method is-config="true" signature="beforeSuite()[pri:0, instance:testcase.booking.Booking04_Verify_Booking_Button_Disable_EmptyFields@5ddabb18]" started-at="2026-03-21T20:23:24 ICT" name="beforeSuite" finished-at="2026-03-21T20:23:24 ICT" duration-ms="156" status="PASS">
          <reporter-output>
          </reporter-output>
        </test-method> <!-- beforeSuite -->
        <test-method is-config="true" signature="setup(java.lang.String)[pri:0, instance:testcase.booking.Booking04_Verify_Booking_Button_Disable_EmptyFields@5ddabb18]" started-at="2026-03-21T20:23:24 ICT" name="setup" finished-at="2026-03-21T20:23:25 ICT" duration-ms="1090" status="PASS">
          <params>
            <param index="0">
              <value>
                <![CDATA[chrome]]>
              </value>
            </param>
          </params>
          <reporter-output>
          </reporter-output>
        </test-method> <!-- setup -->
        <test-method is-config="true" signature="beforeMethod(java.lang.reflect.Method)[pri:0, instance:testcase.booking.Booking04_Verify_Booking_Button_Disable_EmptyFields@5ddabb18]" started-at="2026-03-21T20:23:25 ICT" name="beforeMethod" finished-at="2026-03-21T20:23:25 ICT" duration-ms="9" status="PASS">
          <params>
            <param index="0">
              <value>
                <![CDATA[public void testcase.booking.Booking04_Verify_Booking_Button_Disable_EmptyFields.Booking04_Booking_Button_Disable_Empty_Fileds() throws java.lang.InterruptedException]]>
              </value>
            </param>
          </params>
          <reporter-output>
          </reporter-output>
        </test-method> <!-- beforeMethod -->
        <test-method signature="Booking04_Booking_Button_Disable_Empty_Fileds()[pri:0, instance:testcase.booking.Booking04_Verify_Booking_Button_Disable_EmptyFields@5ddabb18]" started-at="2026-03-21T20:23:25 ICT" name="Booking04_Booking_Button_Disable_Empty_Fileds" description="Veryfi booking button is diasble when no data is entered" finished-at="2026-03-21T20:23:30 ICT" duration-ms="5012" status="PASS">
          <reporter-output>
          </reporter-output>
        </test-method> <!-- Booking04_Booking_Button_Disable_Empty_Fileds -->
        <test-method is-config="true" signature="afterMethod(org.testng.ITestResult)[pri:0, instance:testcase.booking.Booking04_Verify_Booking_Button_Disable_EmptyFields@5ddabb18]" started-at="2026-03-21T20:23:30 ICT" name="afterMethod" finished-at="2026-03-21T20:23:30 ICT" duration-ms="1" status="PASS">
          <params>
            <param index="0">
              <value>
                <![CDATA[[TestResult name=Booking04_Booking_Button_Disable_Empty_Fileds status=SUCCESS method=Booking04_Verify_Booking_Button_Disable_EmptyFields.Booking04_Booking_Button_Disable_Empty_Fileds()[pri:0, instance:testcase.booking.Booking04_Verify_Booking_Button_Disable_EmptyFields@5ddabb18] output={null}]]]>
              </value>
            </param>
          </params>
          <reporter-output>
          </reporter-output>
        </test-method> <!-- afterMethod -->
        <test-method is-config="true" signature="teardown()[pri:0, instance:testcase.booking.Booking04_Verify_Booking_Button_Disable_EmptyFields@5ddabb18]" started-at="2026-03-21T20:23:30 ICT" name="teardown" finished-at="2026-03-21T20:23:31 ICT" duration-ms="171" status="PASS">
          <reporter-output>
          </reporter-output>
        </test-method> <!-- teardown -->
        <test-method is-config="true" signature="afterSuite()[pri:0, instance:testcase.booking.Booking04_Verify_Booking_Button_Disable_EmptyFields@5ddabb18]" started-at="2026-03-21T20:23:31 ICT" name="afterSuite" finished-at="2026-03-21T20:23:31 ICT" duration-ms="243" status="PASS">
          <reporter-output>
          </reporter-output>
        </test-method> <!-- afterSuite -->
      </class> <!-- testcase.booking.Booking04_Verify_Booking_Button_Disable_EmptyFields -->
    </test> <!-- Gradle test -->
  </suite> <!-- Gradle suite -->
</testng-results>
